{"name":"Log","hostname":"WINDELL-COPSBGO","pid":15468,"level":30,"msg":"Creating table: posts","time":"2019-11-07T21:23:28.665Z","v":0}
{"name":"Log","hostname":"WINDELL-COPSBGO","pid":15468,"level":30,"msg":"Creating table: posts_meta","time":"2019-11-07T21:23:29.057Z","v":0}
{"name":"Log","hostname":"WINDELL-COPSBGO","pid":15468,"level":30,"msg":"Creating table: users","time":"2019-11-07T21:23:29.252Z","v":0}
{"name":"Log","hostname":"WINDELL-COPSBGO","pid":15468,"level":30,"msg":"Creating table: posts_authors","time":"2019-11-07T21:23:29.591Z","v":0}
{"name":"Log","hostname":"WINDELL-COPSBGO","pid":15468,"level":30,"msg":"Creating table: roles","time":"2019-11-07T21:23:29.701Z","v":0}
{"name":"Log","hostname":"WINDELL-COPSBGO","pid":15468,"level":30,"msg":"Creating table: roles_users","time":"2019-11-07T21:23:29.951Z","v":0}
{"name":"Log","hostname":"WINDELL-COPSBGO","pid":15468,"level":30,"msg":"Creating table: permissions","time":"2019-11-07T21:23:30.054Z","v":0}
{"name":"Log","hostname":"WINDELL-COPSBGO","pid":15468,"level":30,"msg":"Creating table: permissions_users","time":"2019-11-07T21:23:30.254Z","v":0}
{"name":"Log","hostname":"WINDELL-COPSBGO","pid":15468,"level":30,"msg":"Creating table: permissions_roles","time":"2019-11-07T21:23:30.343Z","v":0}
{"name":"Log","hostname":"WINDELL-COPSBGO","pid":15468,"level":30,"msg":"Creating table: permissions_apps","time":"2019-11-07T21:23:30.463Z","v":0}
{"name":"Log","hostname":"WINDELL-COPSBGO","pid":15468,"level":30,"msg":"Creating table: settings","time":"2019-11-07T21:23:30.566Z","v":0}
{"name":"Log","hostname":"WINDELL-COPSBGO","pid":15468,"level":30,"msg":"Creating table: tags","time":"2019-11-07T21:23:30.773Z","v":0}
{"name":"Log","hostname":"WINDELL-COPSBGO","pid":15468,"level":30,"msg":"Creating table: posts_tags","time":"2019-11-07T21:23:30.971Z","v":0}
{"name":"Log","hostname":"WINDELL-COPSBGO","pid":15468,"level":30,"msg":"Creating table: apps","time":"2019-11-07T21:23:31.091Z","v":0}
{"name":"Log","hostname":"WINDELL-COPSBGO","pid":15468,"level":30,"msg":"Creating table: app_settings","time":"2019-11-07T21:23:32.091Z","v":0}
{"name":"Log","hostname":"WINDELL-COPSBGO","pid":15468,"level":30,"msg":"Creating table: app_fields","time":"2019-11-07T21:23:33.046Z","v":0}
{"name":"Log","hostname":"WINDELL-COPSBGO","pid":15468,"level":30,"msg":"Creating table: invites","time":"2019-11-07T21:23:33.206Z","v":0}
{"name":"Log","hostname":"WINDELL-COPSBGO","pid":15468,"level":30,"msg":"Creating table: brute","time":"2019-11-07T21:23:33.814Z","v":0}
{"name":"Log","hostname":"WINDELL-COPSBGO","pid":15468,"level":30,"msg":"Creating table: webhooks","time":"2019-11-07T21:23:34.220Z","v":0}
{"name":"Log","hostname":"WINDELL-COPSBGO","pid":15468,"level":30,"msg":"Creating table: sessions","time":"2019-11-07T21:23:34.348Z","v":0}
{"name":"Log","hostname":"WINDELL-COPSBGO","pid":15468,"level":30,"msg":"Creating table: integrations","time":"2019-11-07T21:23:34.555Z","v":0}
{"name":"Log","hostname":"WINDELL-COPSBGO","pid":15468,"level":30,"msg":"Creating table: api_keys","time":"2019-11-07T21:23:34.779Z","v":0}
{"name":"Log","hostname":"WINDELL-COPSBGO","pid":15468,"level":30,"msg":"Creating table: mobiledoc_revisions","time":"2019-11-07T21:23:34.982Z","v":0}
{"name":"Log","hostname":"WINDELL-COPSBGO","pid":15468,"level":30,"msg":"Creating table: members","time":"2019-11-07T21:23:35.197Z","v":0}
{"name":"Log","hostname":"WINDELL-COPSBGO","pid":15468,"level":30,"msg":"Creating table: members_stripe_customers","time":"2019-11-07T21:23:35.791Z","v":0}
{"name":"Log","hostname":"WINDELL-COPSBGO","pid":15468,"level":30,"msg":"Creating table: members_stripe_customers_subscriptions","time":"2019-11-07T21:23:35.896Z","v":0}
{"name":"Log","hostname":"WINDELL-COPSBGO","pid":15468,"level":30,"msg":"Creating table: actions","time":"2019-11-07T21:23:36.023Z","v":0}
{"name":"Log","hostname":"WINDELL-COPSBGO","pid":15468,"level":30,"msg":"Model: Tag","time":"2019-11-07T21:23:36.268Z","v":0}
{"name":"Log","hostname":"WINDELL-COPSBGO","pid":15468,"level":30,"msg":"Model: Role","time":"2019-11-07T21:23:36.473Z","v":0}
{"name":"Log","hostname":"WINDELL-COPSBGO","pid":15468,"level":30,"msg":"Model: Permission","time":"2019-11-07T21:23:36.559Z","v":0}
{"name":"Log","hostname":"WINDELL-COPSBGO","pid":15468,"level":30,"msg":"Model: User","time":"2019-11-07T21:23:37.103Z","v":0}
{"name":"Log","hostname":"WINDELL-COPSBGO","pid":15468,"level":30,"msg":"Model: Post","time":"2019-11-07T21:23:40.167Z","v":0}
{"name":"Log","hostname":"WINDELL-COPSBGO","pid":15468,"level":30,"msg":"Model: Integration","time":"2019-11-07T21:23:41.051Z","v":0}
{"name":"Log","hostname":"WINDELL-COPSBGO","pid":15468,"level":30,"msg":"Relation: Role to Permission","time":"2019-11-07T21:23:41.133Z","v":0}
{"name":"Log","hostname":"WINDELL-COPSBGO","pid":15468,"level":30,"msg":"Relation: Post to Tag","time":"2019-11-07T21:23:41.599Z","v":0}
{"name":"Log","hostname":"WINDELL-COPSBGO","pid":15468,"level":30,"msg":"Relation: User to Role","time":"2019-11-07T21:23:41.659Z","v":0}
{"name":"Log","hostname":"WINDELL-COPSBGO","pid":15468,"level":30,"msg":"Ghost is running in development...","time":"2019-11-07T21:24:13.593Z","v":0}
{"name":"Log","hostname":"WINDELL-COPSBGO","pid":15468,"level":30,"msg":"Listening on: 127.0.0.1:2368","time":"2019-11-07T21:24:13.595Z","v":0}
{"name":"Log","hostname":"WINDELL-COPSBGO","pid":15468,"level":30,"msg":"Url configured as: http://localhost:2368/","time":"2019-11-07T21:24:13.597Z","v":0}
{"name":"Log","hostname":"WINDELL-COPSBGO","pid":15468,"level":30,"msg":"Ctrl+C to shut down","time":"2019-11-07T21:24:13.598Z","v":0}
{"name":"Log","hostname":"WINDELL-COPSBGO","pid":15468,"level":30,"msg":"Ghost boot 60.415s","time":"2019-11-07T21:24:13.602Z","v":0}
